2014-01-27 11:28:38.736 MyMeteoAppli[10142:80b] Multi-tasking -> Device: YES, App: YES
2014-01-27 11:28:38.751 MyMeteoAppli[10142:80b] Unlimited access to network resources
2014-01-27 11:28:38.799 MyMeteoAppli[10142:80b] [CDVTimer][splashscreen] 13.849020ms
2014-01-27 11:28:38.799 MyMeteoAppli[10142:80b] [CDVTimer][TotalPluginStartup] 14.607012ms
2014-01-27 11:28:39.049 MyMeteoAppli[10142:80b] Resetting plugins due to page load.
2014-01-27 11:28:39.567 MyMeteoAppli[10142:80b] Finished load of: file:///Users/zEd/Library/Application%20Support/iPhone%20Simulator/7.0.3/Applications/56D2B516-E4D2-44DB-A78D-9B03EC757E4A/MyMeteoAppli.app/www/index.html#/home
2014-01-27 11:30:05.863 MyMeteoAppli[10439:80b] Multi-tasking -> Device: YES, App: YES
2014-01-27 11:30:05.877 MyMeteoAppli[10439:80b] Unlimited access to network resources
2014-01-27 11:30:05.933 MyMeteoAppli[10439:80b] [CDVTimer][splashscreen] 15.039980ms
2014-01-27 11:30:05.933 MyMeteoAppli[10439:80b] [CDVTimer][TotalPluginStartup] 15.823007ms
2014-01-27 11:30:06.180 MyMeteoAppli[10439:80b] Resetting plugins due to page load.
2014-01-27 11:30:06.666 MyMeteoAppli[10439:80b] Finished load of: file:///Users/zEd/Library/Application%20Support/iPhone%20Simulator/7.0.3/Applications/56D2B516-E4D2-44DB-A78D-9B03EC757E4A/MyMeteoAppli.app/www/index.html#/home
2014-01-27 11:32:12.545 MyMeteoAppli[10743:80b] Multi-tasking -> Device: YES, App: YES
2014-01-27 11:32:12.558 MyMeteoAppli[10743:80b] Unlimited access to network resources
2014-01-27 11:32:12.607 MyMeteoAppli[10743:80b] [CDVTimer][splashscreen] 14.899969ms
2014-01-27 11:32:12.608 MyMeteoAppli[10743:80b] [CDVTimer][TotalPluginStartup] 15.967011ms
2014-01-27 11:32:12.860 MyMeteoAppli[10743:80b] Resetting plugins due to page load.
2014-01-27 11:32:13.385 MyMeteoAppli[10743:80b] Finished load of: file:///Users/zEd/Library/Application%20Support/iPhone%20Simulator/7.0.3/Applications/56D2B516-E4D2-44DB-A78D-9B03EC757E4A/MyMeteoAppli.app/www/index.html#/home
2014-01-27 11:33:20.540 MyMeteoAppli[11272:80b] Multi-tasking -> Device: YES, App: YES
2014-01-27 11:33:20.554 MyMeteoAppli[11272:80b] Unlimited access to network resources
2014-01-27 11:33:20.603 MyMeteoAppli[11272:80b] [CDVTimer][splashscreen] 16.914010ms
2014-01-27 11:33:20.604 MyMeteoAppli[11272:80b] [CDVTimer][TotalPluginStartup] 18.329978ms
2014-01-27 11:33:20.860 MyMeteoAppli[11272:80b] Resetting plugins due to page load.
2014-01-27 11:33:21.309 MyMeteoAppli[11272:80b] Finished load of: file:///Users/zEd/Library/Application%20Support/iPhone%20Simulator/7.0.3/Applications/56D2B516-E4D2-44DB-A78D-9B03EC757E4A/MyMeteoAppli.app/www/index.html#/home
